<?xml version="1.0" encoding="UTF-8"?>
<!-- Generated by org.testng.reporters.JUnitXMLReporter -->
<testsuite ignored="1" hostname="DESKTOP-QNQ8377" failures="0" tests="2" name="Default test" time="27.45" errors="0" timestamp="2023-01-25T21:11:47 GMT+02:00">
  <testcase classname="XYZ_BANK.XYZ_Bank" name="Add_Customer" time="5.006"/>
  <testcase classname="XYZ_BANK.XYZ_Bank" name="bop" time="18.176"/>
  <testcase classname="XYZ_BANK.XYZ_Bank" name="Check_The_Title" time="0.0">
    <ignored/>
  </testcase> <!-- Check_The_Title -->
</testsuite> <!-- Default test -->
