<?xml version="1.0" encoding="UTF-8"?>
<testng-results ignored="1" total="3" passed="2" failed="0" skipped="0">
  <reporter-output>
  </reporter-output>
  <suite started-at="2023-01-25T21:11:19 GMT+02:00" name="Default suite" finished-at="2023-01-25T21:11:47 GMT+02:00" duration-ms="27450">
    <groups>
    </groups>
    <test started-at="2023-01-25T21:11:19 GMT+02:00" name="Default test" finished-at="2023-01-25T21:11:47 GMT+02:00" duration-ms="27450">
      <class name="XYZ_BANK.XYZ_Bank">
        <test-method is-config="true" signature="pre_Test()[pri:0, instance:XYZ_BANK.XYZ_Bank@6b927fb]" started-at="2023-01-25T21:11:19 GMT+02:00" name="pre_Test" finished-at="2023-01-25T21:11:23 GMT+02:00" duration-ms="4212" status="PASS">
          <reporter-output>
          </reporter-output>
        </test-method> <!-- pre_Test -->
        <test-method signature="Add_Customer()[pri:2, instance:XYZ_BANK.XYZ_Bank@6b927fb]" started-at="2023-01-25T21:11:23 GMT+02:00" name="Add_Customer" finished-at="2023-01-25T21:11:28 GMT+02:00" duration-ms="5006" status="PASS">
          <reporter-output>
          </reporter-output>
        </test-method> <!-- Add_Customer -->
        <test-method signature="bop()[pri:3, instance:XYZ_BANK.XYZ_Bank@6b927fb]" started-at="2023-01-25T21:11:28 GMT+02:00" name="bop" finished-at="2023-01-25T21:11:47 GMT+02:00" duration-ms="18176" status="PASS">
          <reporter-output>
          </reporter-output>
        </test-method> <!-- bop -->
        <test-method is-config="true" signature="afterMyTest()[pri:0, instance:XYZ_BANK.XYZ_Bank@6b927fb]" started-at="2023-01-25T21:11:47 GMT+02:00" name="afterMyTest" finished-at="2023-01-25T21:11:47 GMT+02:00" duration-ms="1" status="PASS">
          <reporter-output>
          </reporter-output>
        </test-method> <!-- afterMyTest -->
      </class> <!-- XYZ_BANK.XYZ_Bank -->
    </test> <!-- Default test -->
  </suite> <!-- Default suite -->
</testng-results>
